<?xml version="1.0" encoding="UTF-8"?>
<testsuite name="com.algaworks.algasensors.device.management.TSIDTest" tests="2" skipped="0" failures="0" errors="0" timestamp="2025-07-25T22:13:19.531Z" hostname="MARCUSs-MacBook-Pro.local" time="0.038">
  <properties/>
  <testcase name="shouldGenerateTSID()" classname="com.algaworks.algasensors.device.management.TSIDTest" time="0.036"/>
  <testcase name="shouldGenerateSimulateTSID()" classname="com.algaworks.algasensors.device.management.TSIDTest" time="0.002"/>
  <system-out><![CDATA[0MEAFQJA080Q9
736707685407523561
2025-07-25T22:13:19.568Z
]]></system-out>
  <system-err><![CDATA[]]></system-err>
</testsuite>
